Uncaught exception: Return value of AdminModel::getProfile() must be of the type array, object returned at File [C:\xampp\htdocs\LMS\app\model\AdminModel.php] line number [39] on 04/20/2021 10:53:21 AM
Uncaught exception: Return value of AdminModel::getProfile() must be of the type array, object returned at File [C:\xampp\htdocs\LMS\app\model\AdminModel.php] line number [39] on 04/20/2021 10:54:44 AM
Uncaught exception: Return value of AdminModel::getProfile() must be of the type array, object returned at File [C:\xampp\htdocs\LMS\app\model\AdminModel.php] line number [39] on 04/20/2021 10:58:05 AM
Uncaught exception: Call to a member function bind_param() on bool at File [C:\xampp\htdocs\LMS\app\dbhandler\MysqlDbHandler.php] line number [84] on 04/20/2021 12:49:49 PM
Uncaught exception: Call to a member function bind_param() on bool at File [C:\xampp\htdocs\LMS\app\dbhandler\MysqlDbHandler.php] line number [84] on 04/20/2021 12:50:23 PM
Uncaught exception: Call to a member function bind_param() on bool at File [C:\xampp\htdocs\LMS\app\dbhandler\MysqlDbHandler.php] line number [84] on 04/20/2021 12:53:38 PM
Uncaught exception: Call to a member function bind_param() on bool at File [C:\xampp\htdocs\LMS\app\dbhandler\MysqlDbHandler.php] line number [84] on 04/20/2021 12:53:45 PM
Uncaught exception: Call to a member function bind_param() on bool at File [C:\xampp\htdocs\LMS\app\dbhandler\MysqlDbHandler.php] line number [84] on 04/20/2021 12:54:08 PM
Uncaught exception: Return value of CategoryModel::getAll() must be of the type array, string returned at File [C:\xampp\htdocs\LMS\app\model\CategoryModel.php] line number [72] on 04/20/2021 01:24:09 PM
Uncaught exception: Too few arguments to function BookModel::delete(), 1 passed in C:\xampp\htdocs\LMS\app\controller\BookController.php on line 373 and exactly 2 expected at File [C:\xampp\htdocs\LMS\app\model\BookModel.php] line number [204] on 04/20/2021 02:34:27 PM
Uncaught exception: Call to a member function bind_param() on bool at File [C:\xampp\htdocs\LMS\app\dbhandler\MysqlDbHandler.php] line number [84] on 04/20/2021 02:35:18 PM
Uncaught exception: Call to a member function bind_param() on bool at File [C:\xampp\htdocs\LMS\app\dbhandler\MysqlDbHandler.php] line number [84] on 04/20/2021 02:36:09 PM
Uncaught exception: Call to a member function bind_param() on bool at File [C:\xampp\htdocs\LMS\app\dbhandler\MysqlDbHandler.php] line number [84] on 04/20/2021 02:56:16 PM
Uncaught exception: Return value of CategoryModel::get() must be an object, null returned at File [C:\xampp\htdocs\LMS\app\model\CategoryModel.php] line number [107] on 04/20/2021 03:08:07 PM
Uncaught exception: Return value of CategoryModel::get() must be an object, null returned at File [C:\xampp\htdocs\LMS\app\model\CategoryModel.php] line number [107] on 04/20/2021 03:08:08 PM
Uncaught exception: Return value of CategoryModel::get() must be an object, null returned at File [C:\xampp\htdocs\LMS\app\model\CategoryModel.php] line number [107] on 04/20/2021 03:08:15 PM
Uncaught exception: Return value of CategoryModel::get() must be an object, null returned at File [C:\xampp\htdocs\LMS\app\model\CategoryModel.php] line number [107] on 04/20/2021 03:09:52 PM
Uncaught exception: Argument 1 passed to BookController::loadBooks() must be of the type int, string given, called in C:\xampp\htdocs\LMS\core\Route.php on line 182 at File [C:\xampp\htdocs\LMS\app\controller\BookController.php] line number [117] on 04/20/2021 03:16:17 PM
Uncaught exception: Argument 1 passed to BookController::loadBooks() must be of the type int, string given, called in C:\xampp\htdocs\LMS\core\Route.php on line 182 at File [C:\xampp\htdocs\LMS\app\controller\BookController.php] line number [117] on 04/20/2021 03:16:50 PM
Uncaught exception: Argument 1 passed to BookController::loadBooks() must be of the type int, string given, called in C:\xampp\htdocs\LMS\core\Route.php on line 182 at File [C:\xampp\htdocs\LMS\app\controller\BookController.php] line number [117] on 04/20/2021 03:18:26 PM
Uncaught exception: Argument 1 passed to BookController::loadBooks() must be of the type int, string given, called in C:\xampp\htdocs\LMS\core\Route.php on line 182 at File [C:\xampp\htdocs\LMS\app\controller\BookController.php] line number [117] on 04/20/2021 03:20:56 PM
Uncaught exception: Argument 1 passed to BookController::loadBooks() must be of the type int, string given, called in C:\xampp\htdocs\LMS\core\Route.php on line 182 at File [C:\xampp\htdocs\LMS\app\controller\BookController.php] line number [116] on 04/20/2021 03:21:10 PM
Uncaught exception: Argument 1 passed to BookController::loadBooks() must be of the type int, string given, called in C:\xampp\htdocs\LMS\core\Route.php on line 182 at File [C:\xampp\htdocs\LMS\app\controller\BookController.php] line number [116] on 04/20/2021 03:24:25 PM
Uncaught exception: Argument 1 passed to BookController::loadBooks() must be of the type int, string given, called in C:\xampp\htdocs\LMS\core\Route.php on line 182 at File [C:\xampp\htdocs\LMS\app\controller\BookController.php] line number [116] on 04/20/2021 03:24:31 PM
Uncaught exception: Argument 1 passed to BookController::loadBooks() must be of the type int, string given, called in C:\xampp\htdocs\LMS\core\Route.php on line 182 at File [C:\xampp\htdocs\LMS\app\controller\BookController.php] line number [116] on 04/20/2021 03:24:39 PM
Uncaught exception: Argument 1 passed to BookController::loadBooks() must be of the type int, string given, called in C:\xampp\htdocs\LMS\core\Route.php on line 182 at File [C:\xampp\htdocs\LMS\app\controller\BookController.php] line number [116] on 04/20/2021 03:27:19 PM
Uncaught exception: Return value of BookModel::get() must be an object, null returned at File [C:\xampp\htdocs\LMS\app\model\BookModel.php] line number [301] on 04/20/2021 03:27:38 PM
Uncaught exception: Call to undefined method ManageUserModel::getBooks() at File [C:\xampp\htdocs\LMS\app\controller\ManageUserController.php] line number [59] on 04/20/2021 03:42:22 PM
Uncaught exception: Call to undefined method ManageUserModel::getBooks() at File [C:\xampp\htdocs\LMS\app\controller\ManageUserController.php] line number [59] on 04/20/2021 03:42:30 PM
Uncaught exception: Call to undefined method ManageUserModel::getBooks() at File [C:\xampp\htdocs\LMS\app\controller\ManageUserController.php] line number [59] on 04/20/2021 03:42:34 PM
Uncaught exception: Return value of CategoryModel::get() must be an object, null returned at File [C:\xampp\htdocs\LMS\app\model\CategoryModel.php] line number [107] on 04/20/2021 03:46:09 PM
Uncaught exception: Call to undefined method ManageUserModel::getAllUser() at File [C:\xampp\htdocs\LMS\app\controller\ManageUserController.php] line number [85] on 04/20/2021 03:46:25 PM
Uncaught exception: Call to undefined method ManageUserModel::getAllUser() at File [C:\xampp\htdocs\LMS\app\controller\ManageUserController.php] line number [85] on 04/20/2021 03:46:30 PM
Uncaught exception: Call to undefined method ManageUserModel::getAllUser() at File [C:\xampp\htdocs\LMS\app\controller\ManageUserController.php] line number [85] on 04/20/2021 03:52:40 PM
Uncaught exception: Call to a member function bind_param() on bool at File [C:\xampp\htdocs\LMS\app\dbhandler\MysqlDbHandler.php] line number [84] on 04/20/2021 03:54:21 PM
Uncaught exception: Call to a member function bind_param() on bool at File [C:\xampp\htdocs\LMS\app\dbhandler\MysqlDbHandler.php] line number [84] on 04/20/2021 03:54:51 PM
Uncaught exception: Call to a member function bind_param() on bool at File [C:\xampp\htdocs\LMS\app\dbhandler\MysqlDbHandler.php] line number [84] on 04/20/2021 03:56:13 PM
Uncaught exception: Call to a member function bind_param() on bool at File [C:\xampp\htdocs\LMS\app\dbhandler\MysqlDbHandler.php] line number [84] on 04/20/2021 03:56:31 PM
Uncaught exception: syntax error, unexpected 'public' (T_PUBLIC) at File [C:\xampp\htdocs\LMS\app\model\manageUserModel.php] line number [142] on 04/20/2021 04:07:33 PM
Uncaught exception: Call to a member function bind_param() on bool at File [C:\xampp\htdocs\LMS\app\dbhandler\MysqlDbHandler.php] line number [84] on 04/20/2021 04:09:03 PM
Uncaught exception: Call to a member function bind_param() on bool at File [C:\xampp\htdocs\LMS\app\dbhandler\MysqlDbHandler.php] line number [84] on 04/20/2021 04:09:09 PM
